{
  "RSpec": {
    "coverage": {
      "/redelinux-printers-interface/app/controllers/welcome_controller.rb": [
        1,
        1,
        0,
        null,
        null
      ],
      "/redelinux-printers-interface/app/controllers/application_controller.rb": [
        1,
        null,
        null,
        1,
        null
      ],
      "/redelinux-printers-interface/app/models/printer.rb": [
        null,
        1,
        null,
        1,
        null,
        1,
        null,
        1,
        null,
        null,
        null,
        null,
        null,
        null,
        1,
        1,
        null,
        null,
        1,
        2,
        2,
        2,
        null,
        0,
        null,
        null,
        null,
        null,
        1,
        1,
        1,
        null,
        0,
        null,
        null,
        1,
        null,
        null
      ]
    },
    "timestamp": 1447179275
  },
  "Cucumber Features": {
    "coverage": {
      "/redelinux-printers-interface/app/models/printer.rb": [
        null,
        1,
        null,
        1,
        null,
        1,
        null,
        1,
        null,
        null,
        null,
        null,
        null,
        null,
        1,
        1,
        null,
        null,
        1,
        0,
        0,
        0,
        null,
        0,
        null,
        null,
        null,
        null,
        1,
        0,
        0,
        null,
        0,
        null,
        null,
        0,
        null,
        null
      ],
      "/redelinux-printers-interface/app/controllers/welcome_controller.rb": [
        1,
        1,
        1,
        null,
        null
      ],
      "/redelinux-printers-interface/app/controllers/application_controller.rb": [
        1,
        null,
        null,
        1,
        null
      ]
    },
    "timestamp": 1448664595
  }
}
